[0.000000] (-) TimerEvent: {}
[0.000711] (-) JobUnselected: {'identifier': 'my_py_pkg'}
[0.000876] (my_cpp_pkg) JobQueued: {'identifier': 'my_cpp_pkg', 'dependencies': OrderedDict()}
[0.000940] (my_cpp_pkg) JobStarted: {'identifier': 'my_cpp_pkg'}
[0.009768] (my_cpp_pkg) JobProgress: {'identifier': 'my_cpp_pkg', 'progress': 'cmake'}
[0.010441] (my_cpp_pkg) JobProgress: {'identifier': 'my_cpp_pkg', 'progress': 'build'}
[0.011096] (my_cpp_pkg) Command: {'cmd': ['/usr/bin/cmake', '--build', '/home/ayush/Desktop/Learning_ROS2/ros2_ws/build/my_cpp_pkg', '--', '-j8', '-l8'], 'cwd': '/home/ayush/Desktop/Learning_ROS2/ros2_ws/build/my_cpp_pkg', 'env': OrderedDict([('LESSOPEN', '| /usr/bin/lesspipe %s'), ('LANGUAGE', 'en_IN:en'), ('USER', 'ayush'), ('XDG_SESSION_TYPE', 'x11'), ('SHLVL', '1'), ('LD_LIBRARY_PATH', '/opt/ros/humble/opt/rviz_ogre_vendor/lib:/opt/ros/humble/lib/x86_64-linux-gnu:/opt/ros/humble/lib'), ('HOME', '/home/ayush'), ('OLDPWD', '/home/ayush/Desktop/Learning_ROS2/ros2_ws/src/my_cpp_pkg/src'), ('DESKTOP_SESSION', 'ubuntu'), ('NVM_BIN', '/home/ayush/.nvm/versions/node/v20.16.0/bin'), ('NVM_INC', '/home/ayush/.nvm/versions/node/v20.16.0/include/node'), ('ROS_PYTHON_VERSION', '3'), ('GNOME_SHELL_SESSION_MODE', 'ubuntu'), ('GTK_MODULES', 'gail:atk-bridge'), ('MANAGERPID', '1778'), ('SYSTEMD_EXEC_PID', '2330'), ('DBUS_SESSION_BUS_ADDRESS', 'unix:path=/run/user/1000/bus'), ('COLORTERM', 'truecolor'), ('TERMINATOR_DBUS_NAME', 'net.tenshu.Terminator23558193cd9818af7fe4d2c2f5bd9d00f'), ('GIO_LAUNCHED_DESKTOP_FILE_PID', '162988'), ('NVM_DIR', '/home/ayush/.nvm'), ('COLCON_PREFIX_PATH', '/home/ayush/Desktop/Learning_ROS2/ros2_ws/install'), ('ROS_DISTRO', 'humble'), ('GTK_IM_MODULE', 'ibus'), ('LOGNAME', 'ayush'), ('JOURNAL_STREAM', '8:14123'), ('_', '/usr/bin/colcon'), ('ROS_VERSION', '2'), ('XDG_SESSION_CLASS', 'user'), ('USERNAME', 'ayush'), ('TERM', 'xterm-256color'), ('GNOME_DESKTOP_SESSION_ID', 'this-is-deprecated'), ('ROS_LOCALHOST_ONLY', '0'), ('WINDOWPATH', '2'), ('PATH', '/opt/ros/humble/bin:/home/ayush/.nvm/versions/node/v20.16.0/bin:/home/ayush/.local/bin:/usr/local/sbin:/usr/local/bin:/usr/sbin:/usr/bin:/sbin:/bin:/usr/games:/usr/local/games:/snap/bin:/snap/bin'), ('SESSION_MANAGER', 'local/ayush-pc:@/tmp/.ICE-unix/2022,unix/ayush-pc:/tmp/.ICE-unix/2022'), ('INVOCATION_ID', '1e11896700c84a8babb4a2214c7b7e8b'), ('XDG_MENU_PREFIX', 'gnome-'), ('XDG_RUNTIME_DIR', '/run/user/1000'), ('DISPLAY', ':1'), ('TERMINATOR_DBUS_PATH', '/net/tenshu/Terminator2'), ('LANG', 'en_US.UTF-8'), ('XDG_CURRENT_DESKTOP', 'ubuntu:GNOME'), ('IBUS_DISABLE_SNOOPER', '1'), ('XMODIFIERS', '@im=ibus'), ('XDG_SESSION_DESKTOP', 'ubuntu'), ('XAUTHORITY', '/run/user/1000/gdm/Xauthority'), ('LS_COLORS', 'rs=0:di=01;34:ln=01;36:mh=00:pi=40;33:so=01;35:do=01;35:bd=40;33;01:cd=40;33;01:or=40;31;01:mi=00:su=37;41:sg=30;43:ca=30;41:tw=30;42:ow=34;42:st=37;44:ex=01;32:*.tar=01;31:*.tgz=01;31:*.arc=01;31:*.arj=01;31:*.taz=01;31:*.lha=01;31:*.lz4=01;31:*.lzh=01;31:*.lzma=01;31:*.tlz=01;31:*.txz=01;31:*.tzo=01;31:*.t7z=01;31:*.zip=01;31:*.z=01;31:*.dz=01;31:*.gz=01;31:*.lrz=01;31:*.lz=01;31:*.lzo=01;31:*.xz=01;31:*.zst=01;31:*.tzst=01;31:*.bz2=01;31:*.bz=01;31:*.tbz=01;31:*.tbz2=01;31:*.tz=01;31:*.deb=01;31:*.rpm=01;31:*.jar=01;31:*.war=01;31:*.ear=01;31:*.sar=01;31:*.rar=01;31:*.alz=01;31:*.ace=01;31:*.zoo=01;31:*.cpio=01;31:*.7z=01;31:*.rz=01;31:*.cab=01;31:*.wim=01;31:*.swm=01;31:*.dwm=01;31:*.esd=01;31:*.jpg=01;35:*.jpeg=01;35:*.mjpg=01;35:*.mjpeg=01;35:*.gif=01;35:*.bmp=01;35:*.pbm=01;35:*.pgm=01;35:*.ppm=01;35:*.tga=01;35:*.xbm=01;35:*.xpm=01;35:*.tif=01;35:*.tiff=01;35:*.png=01;35:*.svg=01;35:*.svgz=01;35:*.mng=01;35:*.pcx=01;35:*.mov=01;35:*.mpg=01;35:*.mpeg=01;35:*.m2v=01;35:*.mkv=01;35:*.webm=01;35:*.webp=01;35:*.ogm=01;35:*.mp4=01;35:*.m4v=01;35:*.mp4v=01;35:*.vob=01;35:*.qt=01;35:*.nuv=01;35:*.wmv=01;35:*.asf=01;35:*.rm=01;35:*.rmvb=01;35:*.flc=01;35:*.avi=01;35:*.fli=01;35:*.flv=01;35:*.gl=01;35:*.dl=01;35:*.xcf=01;35:*.xwd=01;35:*.yuv=01;35:*.cgm=01;35:*.emf=01;35:*.ogv=01;35:*.ogx=01;35:*.aac=00;36:*.au=00;36:*.flac=00;36:*.m4a=00;36:*.mid=00;36:*.midi=00;36:*.mka=00;36:*.mp3=00;36:*.mpc=00;36:*.ogg=00;36:*.ra=00;36:*.wav=00;36:*.oga=00;36:*.opus=00;36:*.spx=00;36:*.xspf=00;36:'), ('SSH_AGENT_LAUNCHER', 'gnome-keyring'), ('SSH_AUTH_SOCK', '/run/user/1000/keyring/ssh'), ('ROS_DOMAIN_ID', '42'), ('AMENT_PREFIX_PATH', '/home/ayush/Desktop/Learning_ROS2/ros2_ws/install/my_cpp_pkg:/home/ayush/Desktop/Learning_ROS2/ros2_ws/install/my_py_pkg:/opt/ros/humble'), ('SHELL', '/bin/bash'), ('TERMINATOR_UUID', 'urn:uuid:1fac1aef-1880-4172-9b62-52afcffd2332'), ('QT_ACCESSIBILITY', '1'), ('GDMSESSION', 'ubuntu'), ('LESSCLOSE', '/usr/bin/lesspipe %s %s'), ('GPG_AGENT_INFO', '/run/user/1000/gnupg/S.gpg-agent:0:1'), ('QT_IM_MODULE', 'ibus'), ('PWD', '/home/ayush/Desktop/Learning_ROS2/ros2_ws/build/my_cpp_pkg'), ('LC_ALL', 'en_US.UTF-8'), ('XDG_CONFIG_DIRS', '/etc/xdg/xdg-ubuntu:/etc/xdg'), ('NVM_CD_FLAGS', ''), ('XDG_DATA_DIRS', '/usr/share/ubuntu:/usr/share/gnome:/usr/local/share/:/usr/share/:/var/lib/snapd/desktop'), ('PYTHONPATH', '/home/ayush/Desktop/Learning_ROS2/ros2_ws/install/my_py_pkg/lib/python3.10/site-packages:/opt/ros/humble/lib/python3.10/site-packages:/opt/ros/humble/local/lib/python3.10/dist-packages'), ('COLCON', '1'), ('VTE_VERSION', '6800'), ('CMAKE_PREFIX_PATH', '/home/ayush/Desktop/Learning_ROS2/ros2_ws/install/my_cpp_pkg:/home/ayush/Desktop/Learning_ROS2/ros2_ws/install/my_py_pkg:/opt/ros/humble')]), 'shell': False}
[0.042066] (my_cpp_pkg) StdoutLine: {'line': b'-- Found ament_cmake: 1.3.10 (/opt/ros/humble/share/ament_cmake/cmake)\n'}
[0.099795] (-) TimerEvent: {}
[0.189254] (my_cpp_pkg) StdoutLine: {'line': b'-- Found rclcpp: 16.0.10 (/opt/ros/humble/share/rclcpp/cmake)\n'}
[0.199923] (-) TimerEvent: {}
[0.230373] (my_cpp_pkg) StdoutLine: {'line': b'-- Found rosidl_generator_c: 3.1.5 (/opt/ros/humble/share/rosidl_generator_c/cmake)\n'}
[0.233739] (my_cpp_pkg) StdoutLine: {'line': b'-- Found rosidl_adapter: 3.1.5 (/opt/ros/humble/share/rosidl_adapter/cmake)\n'}
[0.240148] (my_cpp_pkg) StdoutLine: {'line': b'-- Found rosidl_generator_cpp: 3.1.5 (/opt/ros/humble/share/rosidl_generator_cpp/cmake)\n'}
[0.250525] (my_cpp_pkg) StdoutLine: {'line': b'-- Using all available rosidl_typesupport_c: rosidl_typesupport_fastrtps_c;rosidl_typesupport_introspection_c\n'}
[0.264052] (my_cpp_pkg) StdoutLine: {'line': b'-- Using all available rosidl_typesupport_cpp: rosidl_typesupport_fastrtps_cpp;rosidl_typesupport_introspection_cpp\n'}
[0.300049] (-) TimerEvent: {}
[0.300290] (my_cpp_pkg) StdoutLine: {'line': b'-- Found rmw_implementation_cmake: 6.1.2 (/opt/ros/humble/share/rmw_implementation_cmake/cmake)\n'}
[0.301713] (my_cpp_pkg) StdoutLine: {'line': b'-- Found rmw_fastrtps_cpp: 6.2.7 (/opt/ros/humble/share/rmw_fastrtps_cpp/cmake)\n'}
[0.400176] (-) TimerEvent: {}
[0.412255] (my_cpp_pkg) StdoutLine: {'line': b"-- Using RMW implementation 'rmw_fastrtps_cpp' as default\n"}
[0.500271] (-) TimerEvent: {}
[0.543982] (my_cpp_pkg) StdoutLine: {'line': b'-- Configuring done\n'}
[0.552302] (my_cpp_pkg) StdoutLine: {'line': b'-- Generating done\n'}
[0.554718] (my_cpp_pkg) StdoutLine: {'line': b'-- Build files have been written to: /home/ayush/Desktop/Learning_ROS2/ros2_ws/build/my_cpp_pkg\n'}
[0.584659] (my_cpp_pkg) StdoutLine: {'line': b'\x1b[35m\x1b[1mConsolidate compiler generated dependencies of target cpp_node\x1b[0m\n'}
[0.600383] (-) TimerEvent: {}
[0.605278] (my_cpp_pkg) StdoutLine: {'line': b'[ 50%] \x1b[32mBuilding CXX object CMakeFiles/cpp_node.dir/src/my_first_node.cpp.o\x1b[0m\n'}
[0.700488] (-) TimerEvent: {}
[0.800836] (-) TimerEvent: {}
[0.901174] (-) TimerEvent: {}
[1.001455] (-) TimerEvent: {}
[1.101734] (-) TimerEvent: {}
[1.202006] (-) TimerEvent: {}
[1.302303] (-) TimerEvent: {}
[1.402594] (-) TimerEvent: {}
[1.502842] (-) TimerEvent: {}
[1.603111] (-) TimerEvent: {}
[1.703347] (-) TimerEvent: {}
[1.803611] (-) TimerEvent: {}
[1.903875] (-) TimerEvent: {}
[2.004197] (-) TimerEvent: {}
[2.104481] (-) TimerEvent: {}
[2.204773] (-) TimerEvent: {}
[2.305064] (-) TimerEvent: {}
[2.405357] (-) TimerEvent: {}
[2.505644] (-) TimerEvent: {}
[2.605912] (-) TimerEvent: {}
[2.706193] (-) TimerEvent: {}
[2.806501] (-) TimerEvent: {}
[2.853389] (my_cpp_pkg) StderrLine: {'line': b'\x1b[01m\x1b[K/home/ayush/Desktop/Learning_ROS2/ros2_ws/src/my_cpp_pkg/src/my_first_node.cpp:21:5:\x1b[m\x1b[K \x1b[01;31m\x1b[Kerror: \x1b[m\x1b[Kinvalid use of template-name \xe2\x80\x98\x1b[01m\x1b[Krclcpp::WallTimer\x1b[m\x1b[K\xe2\x80\x99 without an argument list\n'}
[2.853600] (my_cpp_pkg) StderrLine: {'line': b'   21 |     \x1b[01;31m\x1b[Krclcpp\x1b[m\x1b[K::WallTimer::SharedPtr timer_;\n'}
[2.853702] (my_cpp_pkg) StderrLine: {'line': b'      |     \x1b[01;31m\x1b[K^~~~~~\x1b[m\x1b[K\n'}
[2.853797] (my_cpp_pkg) StderrLine: {'line': b'\x1b[01m\x1b[K/home/ayush/Desktop/Learning_ROS2/ros2_ws/src/my_cpp_pkg/src/my_first_node.cpp:21:24:\x1b[m\x1b[K \x1b[01;31m\x1b[Kerror: \x1b[m\x1b[Kexpected \xe2\x80\x98\x1b[01m\x1b[K;\x1b[m\x1b[K\xe2\x80\x99 at end of member declaration\n'}
[2.853893] (my_cpp_pkg) StderrLine: {'line': b'   21 |     rclcpp::WallTimer::\x1b[01;31m\x1b[KSharedPtr\x1b[m\x1b[K timer_;\n'}
[2.853983] (my_cpp_pkg) StderrLine: {'line': b'      |                        \x1b[01;31m\x1b[K^~~~~~~~~\x1b[m\x1b[K\n'}
[2.854073] (my_cpp_pkg) StderrLine: {'line': b'      |                                 \x1b[32m\x1b[K;\x1b[m\x1b[K\n'}
[2.854787] (my_cpp_pkg) StderrLine: {'line': b'\x1b[01m\x1b[K/home/ayush/Desktop/Learning_ROS2/ros2_ws/src/my_cpp_pkg/src/my_first_node.cpp:21:34:\x1b[m\x1b[K \x1b[01;31m\x1b[Kerror: \x1b[m\x1b[K\xe2\x80\x98\x1b[01m\x1b[Ktimer_\x1b[m\x1b[K\xe2\x80\x99 does not name a type; did you mean \xe2\x80\x98\x1b[01m\x1b[Ktimer_t\x1b[m\x1b[K\xe2\x80\x99?\n'}
[2.854925] (my_cpp_pkg) StderrLine: {'line': b'   21 |     rclcpp::WallTimer::SharedPtr \x1b[01;31m\x1b[Ktimer_\x1b[m\x1b[K;\n'}
[2.855039] (my_cpp_pkg) StderrLine: {'line': b'      |                                  \x1b[01;31m\x1b[K^~~~~~\x1b[m\x1b[K\n'}
[2.855146] (my_cpp_pkg) StderrLine: {'line': b'      |                                  \x1b[32m\x1b[Ktimer_t\x1b[m\x1b[K\n'}
[2.859503] (my_cpp_pkg) StderrLine: {'line': b'\x1b[01m\x1b[K/home/ayush/Desktop/Learning_ROS2/ros2_ws/src/my_cpp_pkg/src/my_first_node.cpp:\x1b[m\x1b[K In constructor \xe2\x80\x98\x1b[01m\x1b[KMyNode::MyNode()\x1b[m\x1b[K\xe2\x80\x99:\n'}
[2.859659] (my_cpp_pkg) StderrLine: {'line': b'\x1b[01m\x1b[K/home/ayush/Desktop/Learning_ROS2/ros2_ws/src/my_cpp_pkg/src/my_first_node.cpp:9:9:\x1b[m\x1b[K \x1b[01;31m\x1b[Kerror: \x1b[m\x1b[K\xe2\x80\x98\x1b[01m\x1b[Ktimer_\x1b[m\x1b[K\xe2\x80\x99 was not declared in this scope; did you mean \xe2\x80\x98\x1b[01m\x1b[Ktimer_t\x1b[m\x1b[K\xe2\x80\x99?\n'}
[2.859776] (my_cpp_pkg) StderrLine: {'line': b'    9 |         \x1b[01;31m\x1b[Ktimer_\x1b[m\x1b[K = this->create_wall_timer(\n'}
[2.859885] (my_cpp_pkg) StderrLine: {'line': b'      |         \x1b[01;31m\x1b[K^~~~~~\x1b[m\x1b[K\n'}
[2.859988] (my_cpp_pkg) StderrLine: {'line': b'      |         \x1b[32m\x1b[Ktimer_t\x1b[m\x1b[K\n'}
[2.906597] (-) TimerEvent: {}
[3.006880] (-) TimerEvent: {}
[3.107181] (-) TimerEvent: {}
[3.207473] (-) TimerEvent: {}
[3.307759] (-) TimerEvent: {}
[3.309814] (my_cpp_pkg) StderrLine: {'line': b'gmake[2]: *** [CMakeFiles/cpp_node.dir/build.make:76: CMakeFiles/cpp_node.dir/src/my_first_node.cpp.o] Error 1\n'}
[3.309999] (my_cpp_pkg) StderrLine: {'line': b'gmake[1]: *** [CMakeFiles/Makefile2:137: CMakeFiles/cpp_node.dir/all] Error 2\n'}
[3.310112] (my_cpp_pkg) StderrLine: {'line': b'gmake: *** [Makefile:146: all] Error 2\n'}
[3.312060] (my_cpp_pkg) CommandEnded: {'returncode': 2}
[3.342416] (my_cpp_pkg) JobEnded: {'identifier': 'my_cpp_pkg', 'rc': 2}
[3.352678] (-) EventReactorShutdown: {}
