[01m[K/home/ayush/Desktop/Learning_ROS2/ros2_ws/src/my_cpp_pkg/src/my_first_node.cpp:21:5:[m[K [01;31m[Kerror: [m[Kinvalid use of template-name â€˜[01m[Krclcpp::WallTimer[m[Kâ€™ without an argument list
   21 |     [01;31m[Krclcpp[m[K::WallTimer::SharedPtr timer_;
      |     [01;31m[K^~~~~~[m[K
[01m[K/home/ayush/Desktop/Learning_ROS2/ros2_ws/src/my_cpp_pkg/src/my_first_node.cpp:21:24:[m[K [01;31m[Kerror: [m[Kexpected â€˜[01m[K;[m[Kâ€™ at end of member declaration
   21 |     rclcpp::WallTimer::[01;31m[KSharedPtr[m[K timer_;
      |                        [01;31m[K^~~~~~~~~[m[K
      |                                 [32m[K;[m[K
[01m[K/home/ayush/Desktop/Learning_ROS2/ros2_ws/src/my_cpp_pkg/src/my_first_node.cpp:21:34:[m[K [01;31m[Kerror: [m[Kâ€˜[01m[Ktimer_[m[Kâ€™ does not name a type; did you mean â€˜[01m[Ktimer_t[m[Kâ€™?
   21 |     rclcpp::WallTimer::SharedPtr [01;31m[Ktimer_[m[K;
      |                                  [01;31m[K^~~~~~[m[K
      |                                  [32m[Ktimer_t[m[K
[01m[K/home/ayush/Desktop/Learning_ROS2/ros2_ws/src/my_cpp_pkg/src/my_first_node.cpp:[m[K In constructor â€˜[01m[KMyNode::MyNode()[m[Kâ€™:
[01m[K/home/ayush/Desktop/Learning_ROS2/ros2_ws/src/my_cpp_pkg/src/my_first_node.cpp:9:9:[m[K [01;31m[Kerror: [m[Kâ€˜[01m[Ktimer_[m[Kâ€™ was not declared in this scope; did you mean â€˜[01m[Ktimer_t[m[Kâ€™?
    9 |         [01;31m[Ktimer_[m[K = this->create_wall_timer(
      |         [01;31m[K^~~~~~[m[K
      |         [32m[Ktimer_t[m[K
gmake[2]: *** [CMakeFiles/cpp_node.dir/build.make:76: CMakeFiles/cpp_node.dir/src/my_first_node.cpp.o] Error 1
gmake[1]: *** [CMakeFiles/Makefile2:137: CMakeFiles/cpp_node.dir/all] Error 2
gmake: *** [Makefile:146: all] Error 2
