[0.013s] Invoking command in '/home/ayush/Desktop/Learning_ROS2/ros2_ws/build/my_cpp_pkg': CMAKE_PREFIX_PATH=${CMAKE_PREFIX_PATH}:/home/ayush/Desktop/Learning_ROS2/ros2_ws/install/my_py_pkg:/opt/ros/humble /usr/bin/cmake --build /home/ayush/Desktop/Learning_ROS2/ros2_ws/build/my_cpp_pkg -- -j8 -l8
[0.041s] -- Found ament_cmake: 1.3.10 (/opt/ros/humble/share/ament_cmake/cmake)
[0.188s] -- Found rclcpp: 16.0.10 (/opt/ros/humble/share/rclcpp/cmake)
[0.230s] -- Found rosidl_generator_c: 3.1.5 (/opt/ros/humble/share/rosidl_generator_c/cmake)
[0.233s] -- Found rosidl_adapter: 3.1.5 (/opt/ros/humble/share/rosidl_adapter/cmake)
[0.239s] -- Found rosidl_generator_cpp: 3.1.5 (/opt/ros/humble/share/rosidl_generator_cpp/cmake)
[0.250s] -- Using all available rosidl_typesupport_c: rosidl_typesupport_fastrtps_c;rosidl_typesupport_introspection_c
[0.263s] -- Using all available rosidl_typesupport_cpp: rosidl_typesupport_fastrtps_cpp;rosidl_typesupport_introspection_cpp
[0.299s] -- Found rmw_implementation_cmake: 6.1.2 (/opt/ros/humble/share/rmw_implementation_cmake/cmake)
[0.301s] -- Found rmw_fastrtps_cpp: 6.2.7 (/opt/ros/humble/share/rmw_fastrtps_cpp/cmake)
[0.411s] -- Using RMW implementation 'rmw_fastrtps_cpp' as default
[0.543s] -- Configuring done
[0.551s] -- Generating done
[0.554s] -- Build files have been written to: /home/ayush/Desktop/Learning_ROS2/ros2_ws/build/my_cpp_pkg
[0.584s] [35m[1mConsolidate compiler generated dependencies of target cpp_node[0m
[0.605s] [ 50%] [32mBuilding CXX object CMakeFiles/cpp_node.dir/src/my_first_node.cpp.o[0m
[2.853s] [01m[K/home/ayush/Desktop/Learning_ROS2/ros2_ws/src/my_cpp_pkg/src/my_first_node.cpp:21:5:[m[K [01;31m[Kerror: [m[Kinvalid use of template-name â€˜[01m[Krclcpp::WallTimer[m[Kâ€™ without an argument list
[2.853s]    21 |     [01;31m[Krclcpp[m[K::WallTimer::SharedPtr timer_;
[2.853s]       |     [01;31m[K^~~~~~[m[K
[2.853s] [01m[K/home/ayush/Desktop/Learning_ROS2/ros2_ws/src/my_cpp_pkg/src/my_first_node.cpp:21:24:[m[K [01;31m[Kerror: [m[Kexpected â€˜[01m[K;[m[Kâ€™ at end of member declaration
[2.853s]    21 |     rclcpp::WallTimer::[01;31m[KSharedPtr[m[K timer_;
[2.853s]       |                        [01;31m[K^~~~~~~~~[m[K
[2.853s]       |                                 [32m[K;[m[K
[2.854s] [01m[K/home/ayush/Desktop/Learning_ROS2/ros2_ws/src/my_cpp_pkg/src/my_first_node.cpp:21:34:[m[K [01;31m[Kerror: [m[Kâ€˜[01m[Ktimer_[m[Kâ€™ does not name a type; did you mean â€˜[01m[Ktimer_t[m[Kâ€™?
[2.854s]    21 |     rclcpp::WallTimer::SharedPtr [01;31m[Ktimer_[m[K;
[2.854s]       |                                  [01;31m[K^~~~~~[m[K
[2.854s]       |                                  [32m[Ktimer_t[m[K
[2.859s] [01m[K/home/ayush/Desktop/Learning_ROS2/ros2_ws/src/my_cpp_pkg/src/my_first_node.cpp:[m[K In constructor â€˜[01m[KMyNode::MyNode()[m[Kâ€™:
[2.859s] [01m[K/home/ayush/Desktop/Learning_ROS2/ros2_ws/src/my_cpp_pkg/src/my_first_node.cpp:9:9:[m[K [01;31m[Kerror: [m[Kâ€˜[01m[Ktimer_[m[Kâ€™ was not declared in this scope; did you mean â€˜[01m[Ktimer_t[m[Kâ€™?
[2.859s]     9 |         [01;31m[Ktimer_[m[K = this->create_wall_timer(
[2.859s]       |         [01;31m[K^~~~~~[m[K
[2.859s]       |         [32m[Ktimer_t[m[K
[3.309s] gmake[2]: *** [CMakeFiles/cpp_node.dir/build.make:76: CMakeFiles/cpp_node.dir/src/my_first_node.cpp.o] Error 1
[3.309s] gmake[1]: *** [CMakeFiles/Makefile2:137: CMakeFiles/cpp_node.dir/all] Error 2
[3.309s] gmake: *** [Makefile:146: all] Error 2
[3.312s] Invoked command in '/home/ayush/Desktop/Learning_ROS2/ros2_ws/build/my_cpp_pkg' returned '2': CMAKE_PREFIX_PATH=${CMAKE_PREFIX_PATH}:/home/ayush/Desktop/Learning_ROS2/ros2_ws/install/my_py_pkg:/opt/ros/humble /usr/bin/cmake --build /home/ayush/Desktop/Learning_ROS2/ros2_ws/build/my_cpp_pkg -- -j8 -l8
